<?xml version="1.0" encoding="UTF-8"?>
<testng-results skipped="0" failed="0" total="1" passed="1">
  <reporter-output>
  </reporter-output>
  <suite name="Default suite" duration-ms="566693" started-at="2018-12-07T15:17:16Z" finished-at="2018-12-07T15:26:43Z">
    <groups>
    </groups>
    <test name="Default test" duration-ms="566693" started-at="2018-12-07T15:17:16Z" finished-at="2018-12-07T15:26:43Z">
      <class name="tests.FirstTest">
        <test-method status="PASS" signature="driverSetup()[pri:0, instance:tests.FirstTest@5f375618]" name="driverSetup" is-config="true" duration-ms="83972" started-at="2018-12-07T11:17:16Z" finished-at="2018-12-07T11:18:40Z">
          <reporter-output>
          </reporter-output>
        </test-method> <!-- driverSetup -->
        <test-method status="PASS" signature="VerifyDeveloperPageAccess()[pri:0, instance:tests.FirstTest@5f375618]" name="VerifyDeveloperPageAccess" duration-ms="475725" started-at="2018-12-07T11:18:40Z" finished-at="2018-12-07T11:26:36Z">
          <reporter-output>
          </reporter-output>
        </test-method> <!-- VerifyDeveloperPageAccess -->
        <test-method status="PASS" signature="driverClose()[pri:0, instance:tests.FirstTest@5f375618]" name="driverClose" is-config="true" duration-ms="6925" started-at="2018-12-07T11:26:36Z" finished-at="2018-12-07T11:26:43Z">
          <reporter-output>
          </reporter-output>
        </test-method> <!-- driverClose -->
      </class> <!-- tests.FirstTest -->
    </test> <!-- Default test -->
  </suite> <!-- Default suite -->
</testng-results>
